Using pre-set license
Built from '2021.2/staging' branch; Version is '2021.2.10f1 (ee872746220e) revision 15632167'; Using compiler version '192829333'; Build Type 'Release'
OS: 'Windows 11  (10.0.22621) 64bit Core' Language: 'en' Physical Memory: 16257 MB
BatchMode: 1, IsHumanControllingUs: 0, StartBugReporterOnCrash: 0, Is64bit: 1, IsPro: 0

COMMAND LINE ARGUMENTS:
C:\Program Files\Unity\Hub\Editor\2021.2.10f1\Editor\Unity.exe
-adb2
-batchMode
-noUpm
-name
AssetImportWorker1
-projectPath
C:/Users/Joseph/Documents/Space-Invaders
-logFile
Logs/AssetImportWorker1.log
-srvPort
61108
Successfully changed project path to: C:/Users/Joseph/Documents/Space-Invaders
C:/Users/Joseph/Documents/Space-Invaders
[UnityMemory] Configuration Parameters - Can be set up in boot.config
    "memorysetup-bucket-allocator-granularity=16"
    "memorysetup-bucket-allocator-bucket-count=8"
    "memorysetup-bucket-allocator-block-size=33554432"
    "memorysetup-bucket-allocator-block-count=8"
    "memorysetup-main-allocator-block-size=16777216"
    "memorysetup-thread-allocator-block-size=16777216"
    "memorysetup-gfx-main-allocator-block-size=16777216"
    "memorysetup-gfx-thread-allocator-block-size=16777216"
    "memorysetup-cache-allocator-block-size=4194304"
    "memorysetup-typetree-allocator-block-size=2097152"
    "memorysetup-profiler-bucket-allocator-granularity=16"
    "memorysetup-profiler-bucket-allocator-bucket-count=8"
    "memorysetup-profiler-bucket-allocator-block-size=33554432"
    "memorysetup-profiler-bucket-allocator-block-count=8"
    "memorysetup-profiler-allocator-block-size=16777216"
    "memorysetup-profiler-editor-allocator-block-size=1048576"
    "memorysetup-temp-allocator-size-main=16777216"
    "memorysetup-job-temp-allocator-block-size=2097152"
    "memorysetup-job-temp-allocator-block-size-background=1048576"
    "memorysetup-job-temp-allocator-reduction-small-platforms=262144"
    "memorysetup-temp-allocator-size-background-worker=32768"
    "memorysetup-temp-allocator-size-job-worker=262144"
    "memorysetup-temp-allocator-size-preload-manager=33554432"
    "memorysetup-temp-allocator-size-nav-mesh-worker=65536"
    "memorysetup-temp-allocator-size-audio-worker=65536"
    "memorysetup-temp-allocator-size-cloud-worker=32768"
    "memorysetup-temp-allocator-size-gi-baking-worker=262144"
    "memorysetup-temp-allocator-size-gfx=262144"
Refreshing native plugins compatible for Editor in 43.56 ms, found 3 plugins.
Preloading 0 native plugins for Editor in 0.00 ms.
Initialize engine version: 2021.2.10f1 (ee872746220e)
[Subsystems] Discovering subsystems at path C:/Program Files/Unity/Hub/Editor/2021.2.10f1/Editor/Data/Resources/UnitySubsystems
[Subsystems] Discovering subsystems at path C:/Users/Joseph/Documents/Space-Invaders/Assets
GfxDevice: creating device client; threaded=0; jobified=0
Direct3D:
    Version:  Direct3D 11.0 [level 11.1]
    Renderer: Intel(R) UHD Graphics 630 (ID=0x3e9b)
    Vendor:   Intel
    VRAM:     8128 MB
    Driver:   27.20.100.8729
Initialize mono
Mono path[0] = 'C:/Program Files/Unity/Hub/Editor/2021.2.10f1/Editor/Data/Managed'
Mono path[1] = 'C:/Program Files/Unity/Hub/Editor/2021.2.10f1/Editor/Data/MonoBleedingEdge/lib/mono/unityjit-win32'
Mono config path = 'C:/Program Files/Unity/Hub/Editor/2021.2.10f1/Editor/Data/MonoBleedingEdge/etc'
Using monoOptions --debugger-agent=transport=dt_socket,embedding=1,server=y,suspend=n,address=127.0.0.1:56760
Begin MonoManager ReloadAssembly
Registering precompiled unity dll's ...
Register platform support module: C:/Program Files/Unity/Hub/Editor/2021.2.10f1/Editor/Data/PlaybackEngines/WindowsStandaloneSupport/UnityEditor.WindowsStandalone.Extensions.dll
Registered in 0.005158 seconds.
Native extension for WindowsStandalone target not found
Refreshing native plugins compatible for Editor in 55.43 ms, found 3 plugins.
Preloading 0 native plugins for Editor in 0.00 ms.
Mono: successfully reloaded assembly
- Completed reload, in  0.674 seconds
Domain Reload Profiling:
	ReloadAssembly (675ms)
		BeginReloadAssembly (81ms)
			ExecutionOrderSort (0ms)
			DisableScriptedObjects (0ms)
			BackupInstance (0ms)
			ReleaseScriptingObjects (0ms)
			CreateAndSetChildDomain (1ms)
		EndReloadAssembly (508ms)
			LoadAssemblies (79ms)
			RebuildTransferFunctionScriptingTraits (0ms)
			SetupTypeCache (119ms)
			ReleaseScriptCaches (0ms)
			RebuildScriptCaches (35ms)
			SetupLoadedEditorAssemblies (291ms)
				LogAssemblyErrors (0ms)
				InitializePlatformSupportModulesInManaged (16ms)
				SetLoadedEditorAssemblies (0ms)
				RefreshPlugins (56ms)
				BeforeProcessingInitializeOnLoad (1ms)
				ProcessInitializeOnLoadAttributes (164ms)
				ProcessInitializeOnLoadMethodAttributes (55ms)
				AfterProcessingInitializeOnLoad (0ms)
				EditorAssembliesLoaded (0ms)
			ExecutionOrderSort2 (0ms)
			AwakeInstancesAfterBackupRestoration (0ms)
Platform modules already initialized, skipping
Registering precompiled user dll's ...
Registered in 0.006755 seconds.
Begin MonoManager ReloadAssembly
Native extension for WindowsStandalone target not found
Refreshing native plugins compatible for Editor in 43.04 ms, found 3 plugins.
Preloading 0 native plugins for Editor in 0.00 ms.
Mono: successfully reloaded assembly
- Completed reload, in  1.374 seconds
Domain Reload Profiling:
	ReloadAssembly (1375ms)
		BeginReloadAssembly (117ms)
			ExecutionOrderSort (0ms)
			DisableScriptedObjects (6ms)
			BackupInstance (0ms)
			ReleaseScriptingObjects (0ms)
			CreateAndSetChildDomain (22ms)
		EndReloadAssembly (1153ms)
			LoadAssemblies (77ms)
			RebuildTransferFunctionScriptingTraits (0ms)
			SetupTypeCache (222ms)
			ReleaseScriptCaches (0ms)
			RebuildScriptCaches (49ms)
			SetupLoadedEditorAssemblies (759ms)
				LogAssemblyErrors (0ms)
				InitializePlatformSupportModulesInManaged (12ms)
				SetLoadedEditorAssemblies (0ms)
				RefreshPlugins (43ms)
				BeforeProcessingInitializeOnLoad (64ms)
				ProcessInitializeOnLoadAttributes (592ms)
				ProcessInitializeOnLoadMethodAttributes (40ms)
				AfterProcessingInitializeOnLoad (7ms)
				EditorAssembliesLoaded (0ms)
			ExecutionOrderSort2 (0ms)
			AwakeInstancesAfterBackupRestoration (7ms)
Platform modules already initialized, skipping
========================================================================
Worker process is ready to serve import requests
Launched and connected shader compiler UnityShaderCompiler.exe after 0.05 seconds
Refreshing native plugins compatible for Editor in 0.51 ms, found 3 plugins.
Preloading 0 native plugins for Editor in 0.00 ms.
Unloading 2342 Unused Serialized files (Serialized files now loaded: 0)
Unloading 33 unused Assets / (55.8 KB). Loaded Objects now: 2802.
Memory consumption went from 107.4 MB to 107.4 MB.
Total: 3.825300 ms (FindLiveObjects: 0.216800 ms CreateObjectMapping: 0.165400 ms MarkObjects: 3.356400 ms  DeleteObjects: 0.085100 ms)

AssetImportParameters requested are different than current active one (requested -> active):
  custom:video-decoder-ogg-theora: a1e56fd34408186e4bbccfd4996cb3dc -> 
  custom:container-muxer-webm: aa71ff27fc2769a1b78a27578f13a17b -> 
  custom:container-demuxer-webm: 4f35f7cbe854078d1ac9338744f61a02 -> 
  custom:video-encoder-webm-vp8: eb34c28f22e8b96e1ab97ce403110664 -> 
  custom:audio-encoder-webm-vorbis: bf7c407c2cedff20999df2af8eb42d56 -> 
  custom:framework-win-MediaFoundation: 216162199b28c13a410421893ffa2e32 -> 
  custom:container-demuxer-ogg: 62fdf1f143b41e24485cea50d1cbac27 -> 
  custom:video-decoder-webm-vp8: 9c59270c3fd7afecdb556c50c9e8de78 -> 
  custom:audio-decoder-ogg-vorbis: bf7c407c2cedff20999df2af8eb42d56 -> 
========================================================================
Received Import Request.
  Time since last request: 728452.484726 seconds.
  path: Assets/Scenes/DemoScene.unity
  artifactKey: Guid(473f105a842a54c69809f1834f63616a) Importer(815301076,1909f56bfc062723c751e8b465ee728b)
Start importing Assets/Scenes/DemoScene.unity using Guid(473f105a842a54c69809f1834f63616a) Importer(815301076,1909f56bfc062723c751e8b465ee728b)  -> (artifact id: '04b9874c3712dc1a2e17dc2f5453b0d4') in 0.015424 seconds 
========================================================================
Received Prepare
Registering precompiled user dll's ...
Registered in 0.006910 seconds.
Begin MonoManager ReloadAssembly
Native extension for WindowsStandalone target not found
Refreshing native plugins compatible for Editor in 0.98 ms, found 3 plugins.
Preloading 0 native plugins for Editor in 0.00 ms.
Mono: successfully reloaded assembly
- Completed reload, in  1.745 seconds
Domain Reload Profiling:
	ReloadAssembly (1746ms)
		BeginReloadAssembly (153ms)
			ExecutionOrderSort (0ms)
			DisableScriptedObjects (9ms)
			BackupInstance (0ms)
			ReleaseScriptingObjects (0ms)
			CreateAndSetChildDomain (46ms)
		EndReloadAssembly (1470ms)
			LoadAssemblies (104ms)
			RebuildTransferFunctionScriptingTraits (0ms)
			SetupTypeCache (390ms)
			ReleaseScriptCaches (2ms)
			RebuildScriptCaches (121ms)
			SetupLoadedEditorAssemblies (721ms)
				LogAssemblyErrors (0ms)
				InitializePlatformSupportModulesInManaged (27ms)
				SetLoadedEditorAssemblies (1ms)
				RefreshPlugins (1ms)
				BeforeProcessingInitializeOnLoad (95ms)
				ProcessInitializeOnLoadAttributes (528ms)
				ProcessInitializeOnLoadMethodAttributes (60ms)
				AfterProcessingInitializeOnLoad (9ms)
				EditorAssembliesLoaded (0ms)
			ExecutionOrderSort2 (0ms)
			AwakeInstancesAfterBackupRestoration (15ms)
Platform modules already initialized, skipping
Refreshing native plugins compatible for Editor in 0.66 ms, found 3 plugins.
Preloading 0 native plugins for Editor in 0.00 ms.
Unloading 2319 Unused Serialized files (Serialized files now loaded: 0)
Unloading 22 unused Assets / (31.7 KB). Loaded Objects now: 2804.
Memory consumption went from 105.6 MB to 105.6 MB.
Total: 5.218400 ms (FindLiveObjects: 0.247800 ms CreateObjectMapping: 0.193800 ms MarkObjects: 4.744600 ms  DeleteObjects: 0.030400 ms)

AssetImportParameters requested are different than current active one (requested -> active):
  custom:video-decoder-ogg-theora: a1e56fd34408186e4bbccfd4996cb3dc -> 
  custom:container-muxer-webm: aa71ff27fc2769a1b78a27578f13a17b -> 
  custom:container-demuxer-webm: 4f35f7cbe854078d1ac9338744f61a02 -> 
  custom:video-encoder-webm-vp8: eb34c28f22e8b96e1ab97ce403110664 -> 
  custom:audio-encoder-webm-vorbis: bf7c407c2cedff20999df2af8eb42d56 -> 
  custom:framework-win-MediaFoundation: 216162199b28c13a410421893ffa2e32 -> 
  custom:container-demuxer-ogg: 62fdf1f143b41e24485cea50d1cbac27 -> 
  custom:video-decoder-webm-vp8: 9c59270c3fd7afecdb556c50c9e8de78 -> 
  custom:audio-decoder-ogg-vorbis: bf7c407c2cedff20999df2af8eb42d56 -> 
========================================================================
Received Prepare
Registering precompiled user dll's ...
Registered in 0.006665 seconds.
Begin MonoManager ReloadAssembly
Native extension for WindowsStandalone target not found
Refreshing native plugins compatible for Editor in 0.88 ms, found 3 plugins.
Preloading 0 native plugins for Editor in 0.00 ms.
Mono: successfully reloaded assembly
- Completed reload, in  1.522 seconds
Domain Reload Profiling:
	ReloadAssembly (1523ms)
		BeginReloadAssembly (131ms)
			ExecutionOrderSort (0ms)
			DisableScriptedObjects (8ms)
			BackupInstance (0ms)
			ReleaseScriptingObjects (0ms)
			CreateAndSetChildDomain (38ms)
		EndReloadAssembly (1284ms)
			LoadAssemblies (89ms)
			RebuildTransferFunctionScriptingTraits (0ms)
			SetupTypeCache (303ms)
			ReleaseScriptCaches (2ms)
			RebuildScriptCaches (92ms)
			SetupLoadedEditorAssemblies (692ms)
				LogAssemblyErrors (0ms)
				InitializePlatformSupportModulesInManaged (22ms)
				SetLoadedEditorAssemblies (1ms)
				RefreshPlugins (1ms)
				BeforeProcessingInitializeOnLoad (100ms)
				ProcessInitializeOnLoadAttributes (502ms)
				ProcessInitializeOnLoadMethodAttributes (56ms)
				AfterProcessingInitializeOnLoad (11ms)
				EditorAssembliesLoaded (0ms)
			ExecutionOrderSort2 (0ms)
			AwakeInstancesAfterBackupRestoration (14ms)
Platform modules already initialized, skipping
Refreshing native plugins compatible for Editor in 0.66 ms, found 3 plugins.
Preloading 0 native plugins for Editor in 0.00 ms.
Unloading 2319 Unused Serialized files (Serialized files now loaded: 0)
Unloading 22 unused Assets / (31.8 KB). Loaded Objects now: 2806.
Memory consumption went from 105.6 MB to 105.6 MB.
Total: 5.599100 ms (FindLiveObjects: 0.351000 ms CreateObjectMapping: 0.323700 ms MarkObjects: 4.894300 ms  DeleteObjects: 0.028500 ms)

AssetImportParameters requested are different than current active one (requested -> active):
  custom:video-decoder-ogg-theora: a1e56fd34408186e4bbccfd4996cb3dc -> 
  custom:container-muxer-webm: aa71ff27fc2769a1b78a27578f13a17b -> 
  custom:container-demuxer-webm: 4f35f7cbe854078d1ac9338744f61a02 -> 
  custom:video-encoder-webm-vp8: eb34c28f22e8b96e1ab97ce403110664 -> 
  custom:audio-encoder-webm-vorbis: bf7c407c2cedff20999df2af8eb42d56 -> 
  custom:framework-win-MediaFoundation: 216162199b28c13a410421893ffa2e32 -> 
  custom:container-demuxer-ogg: 62fdf1f143b41e24485cea50d1cbac27 -> 
  custom:video-decoder-webm-vp8: 9c59270c3fd7afecdb556c50c9e8de78 -> 
  custom:audio-decoder-ogg-vorbis: bf7c407c2cedff20999df2af8eb42d56 -> 
========================================================================
Received Prepare
Registering precompiled user dll's ...
Registered in 0.007315 seconds.
Begin MonoManager ReloadAssembly
Native extension for WindowsStandalone target not found
Refreshing native plugins compatible for Editor in 0.57 ms, found 3 plugins.
Preloading 0 native plugins for Editor in 0.00 ms.
Mono: successfully reloaded assembly
- Completed reload, in  1.490 seconds
Domain Reload Profiling:
	ReloadAssembly (1491ms)
		BeginReloadAssembly (134ms)
			ExecutionOrderSort (0ms)
			DisableScriptedObjects (8ms)
			BackupInstance (0ms)
			ReleaseScriptingObjects (0ms)
			CreateAndSetChildDomain (42ms)
		EndReloadAssembly (1242ms)
			LoadAssemblies (86ms)
			RebuildTransferFunctionScriptingTraits (0ms)
			SetupTypeCache (297ms)
			ReleaseScriptCaches (2ms)
			RebuildScriptCaches (82ms)
			SetupLoadedEditorAssemblies (672ms)
				LogAssemblyErrors (0ms)
				InitializePlatformSupportModulesInManaged (20ms)
				SetLoadedEditorAssemblies (1ms)
				RefreshPlugins (1ms)
				BeforeProcessingInitializeOnLoad (94ms)
				ProcessInitializeOnLoadAttributes (489ms)
				ProcessInitializeOnLoadMethodAttributes (57ms)
				AfterProcessingInitializeOnLoad (10ms)
				EditorAssembliesLoaded (0ms)
			ExecutionOrderSort2 (0ms)
			AwakeInstancesAfterBackupRestoration (15ms)
Platform modules already initialized, skipping
Refreshing native plugins compatible for Editor in 0.94 ms, found 3 plugins.
Preloading 0 native plugins for Editor in 0.00 ms.
Unloading 2319 Unused Serialized files (Serialized files now loaded: 0)
Unloading 22 unused Assets / (31.7 KB). Loaded Objects now: 2808.
Memory consumption went from 105.6 MB to 105.6 MB.
Total: 5.444100 ms (FindLiveObjects: 0.535900 ms CreateObjectMapping: 0.342500 ms MarkObjects: 4.499200 ms  DeleteObjects: 0.064400 ms)

AssetImportParameters requested are different than current active one (requested -> active):
  custom:video-decoder-ogg-theora: a1e56fd34408186e4bbccfd4996cb3dc -> 
  custom:container-muxer-webm: aa71ff27fc2769a1b78a27578f13a17b -> 
  custom:container-demuxer-webm: 4f35f7cbe854078d1ac9338744f61a02 -> 
  custom:video-encoder-webm-vp8: eb34c28f22e8b96e1ab97ce403110664 -> 
  custom:audio-encoder-webm-vorbis: bf7c407c2cedff20999df2af8eb42d56 -> 
  custom:framework-win-MediaFoundation: 216162199b28c13a410421893ffa2e32 -> 
  custom:container-demuxer-ogg: 62fdf1f143b41e24485cea50d1cbac27 -> 
  custom:video-decoder-webm-vp8: 9c59270c3fd7afecdb556c50c9e8de78 -> 
  custom:audio-decoder-ogg-vorbis: bf7c407c2cedff20999df2af8eb42d56 -> 
========================================================================
Received Prepare
Registering precompiled user dll's ...
Registered in 0.006059 seconds.
Begin MonoManager ReloadAssembly
Native extension for WindowsStandalone target not found
Refreshing native plugins compatible for Editor in 0.71 ms, found 3 plugins.
Preloading 0 native plugins for Editor in 0.00 ms.
Mono: successfully reloaded assembly
- Completed reload, in  1.655 seconds
Domain Reload Profiling:
	ReloadAssembly (1656ms)
		BeginReloadAssembly (170ms)
			ExecutionOrderSort (0ms)
			DisableScriptedObjects (11ms)
			BackupInstance (0ms)
			ReleaseScriptingObjects (0ms)
			CreateAndSetChildDomain (42ms)
		EndReloadAssembly (1280ms)
			LoadAssemblies (117ms)
			RebuildTransferFunctionScriptingTraits (0ms)
			SetupTypeCache (400ms)
			ReleaseScriptCaches (2ms)
			RebuildScriptCaches (82ms)
			SetupLoadedEditorAssemblies (616ms)
				LogAssemblyErrors (0ms)
				InitializePlatformSupportModulesInManaged (19ms)
				SetLoadedEditorAssemblies (1ms)
				RefreshPlugins (1ms)
				BeforeProcessingInitializeOnLoad (93ms)
				ProcessInitializeOnLoadAttributes (446ms)
				ProcessInitializeOnLoadMethodAttributes (48ms)
				AfterProcessingInitializeOnLoad (8ms)
				EditorAssembliesLoaded (0ms)
			ExecutionOrderSort2 (0ms)
			AwakeInstancesAfterBackupRestoration (12ms)
Platform modules already initialized, skipping
Refreshing native plugins compatible for Editor in 0.71 ms, found 3 plugins.
Preloading 0 native plugins for Editor in 0.00 ms.
Unloading 2319 Unused Serialized files (Serialized files now loaded: 0)
Unloading 22 unused Assets / (31.7 KB). Loaded Objects now: 2810.
Memory consumption went from 105.6 MB to 105.6 MB.
Total: 4.673600 ms (FindLiveObjects: 0.265400 ms CreateObjectMapping: 0.251900 ms MarkObjects: 4.129400 ms  DeleteObjects: 0.025200 ms)

AssetImportParameters requested are different than current active one (requested -> active):
  custom:video-decoder-ogg-theora: a1e56fd34408186e4bbccfd4996cb3dc -> 
  custom:container-muxer-webm: aa71ff27fc2769a1b78a27578f13a17b -> 
  custom:container-demuxer-webm: 4f35f7cbe854078d1ac9338744f61a02 -> 
  custom:video-encoder-webm-vp8: eb34c28f22e8b96e1ab97ce403110664 -> 
  custom:audio-encoder-webm-vorbis: bf7c407c2cedff20999df2af8eb42d56 -> 
  custom:framework-win-MediaFoundation: 216162199b28c13a410421893ffa2e32 -> 
  custom:container-demuxer-ogg: 62fdf1f143b41e24485cea50d1cbac27 -> 
  custom:video-decoder-webm-vp8: 9c59270c3fd7afecdb556c50c9e8de78 -> 
  custom:audio-decoder-ogg-vorbis: bf7c407c2cedff20999df2af8eb42d56 -> 
========================================================================
Received Prepare
Registering precompiled user dll's ...
Registered in 0.006641 seconds.
Begin MonoManager ReloadAssembly
Native extension for WindowsStandalone target not found
Refreshing native plugins compatible for Editor in 0.71 ms, found 3 plugins.
Preloading 0 native plugins for Editor in 0.00 ms.
Mono: successfully reloaded assembly
- Completed reload, in  1.521 seconds
Domain Reload Profiling:
	ReloadAssembly (1521ms)
		BeginReloadAssembly (139ms)
			ExecutionOrderSort (0ms)
			DisableScriptedObjects (9ms)
			BackupInstance (0ms)
			ReleaseScriptingObjects (0ms)
			CreateAndSetChildDomain (40ms)
		EndReloadAssembly (1252ms)
			LoadAssemblies (109ms)
			RebuildTransferFunctionScriptingTraits (0ms)
			SetupTypeCache (292ms)
			ReleaseScriptCaches (2ms)
			RebuildScriptCaches (84ms)
			SetupLoadedEditorAssemblies (664ms)
				LogAssemblyErrors (0ms)
				InitializePlatformSupportModulesInManaged (19ms)
				SetLoadedEditorAssemblies (1ms)
				RefreshPlugins (1ms)
				BeforeProcessingInitializeOnLoad (94ms)
				ProcessInitializeOnLoadAttributes (489ms)
				ProcessInitializeOnLoadMethodAttributes (52ms)
				AfterProcessingInitializeOnLoad (9ms)
				EditorAssembliesLoaded (0ms)
			ExecutionOrderSort2 (0ms)
			AwakeInstancesAfterBackupRestoration (15ms)
Platform modules already initialized, skipping
Refreshing native plugins compatible for Editor in 1.01 ms, found 3 plugins.
Preloading 0 native plugins for Editor in 0.00 ms.
Unloading 2319 Unused Serialized files (Serialized files now loaded: 0)
Unloading 22 unused Assets / (31.7 KB). Loaded Objects now: 2812.
Memory consumption went from 105.6 MB to 105.5 MB.
Total: 5.145300 ms (FindLiveObjects: 0.381800 ms CreateObjectMapping: 0.297600 ms MarkObjects: 4.435400 ms  DeleteObjects: 0.027800 ms)

AssetImportParameters requested are different than current active one (requested -> active):
  custom:video-decoder-ogg-theora: a1e56fd34408186e4bbccfd4996cb3dc -> 
  custom:container-muxer-webm: aa71ff27fc2769a1b78a27578f13a17b -> 
  custom:container-demuxer-webm: 4f35f7cbe854078d1ac9338744f61a02 -> 
  custom:video-encoder-webm-vp8: eb34c28f22e8b96e1ab97ce403110664 -> 
  custom:audio-encoder-webm-vorbis: bf7c407c2cedff20999df2af8eb42d56 -> 
  custom:framework-win-MediaFoundation: 216162199b28c13a410421893ffa2e32 -> 
  custom:container-demuxer-ogg: 62fdf1f143b41e24485cea50d1cbac27 -> 
  custom:video-decoder-webm-vp8: 9c59270c3fd7afecdb556c50c9e8de78 -> 
  custom:audio-decoder-ogg-vorbis: bf7c407c2cedff20999df2af8eb42d56 -> 
========================================================================
Received Prepare
Registering precompiled user dll's ...
Registered in 0.009311 seconds.
Begin MonoManager ReloadAssembly
Native extension for WindowsStandalone target not found
Refreshing native plugins compatible for Editor in 0.73 ms, found 3 plugins.
Preloading 0 native plugins for Editor in 0.00 ms.
Mono: successfully reloaded assembly
- Completed reload, in  1.440 seconds
Domain Reload Profiling:
	ReloadAssembly (1441ms)
		BeginReloadAssembly (131ms)
			ExecutionOrderSort (0ms)
			DisableScriptedObjects (7ms)
			BackupInstance (0ms)
			ReleaseScriptingObjects (0ms)
			CreateAndSetChildDomain (39ms)
		EndReloadAssembly (1186ms)
			LoadAssemblies (91ms)
			RebuildTransferFunctionScriptingTraits (0ms)
			SetupTypeCache (294ms)
			ReleaseScriptCaches (2ms)
			RebuildScriptCaches (77ms)
			SetupLoadedEditorAssemblies (634ms)
				LogAssemblyErrors (0ms)
				InitializePlatformSupportModulesInManaged (17ms)
				SetLoadedEditorAssemblies (1ms)
				RefreshPlugins (1ms)
				BeforeProcessingInitializeOnLoad (96ms)
				ProcessInitializeOnLoadAttributes (457ms)
				ProcessInitializeOnLoadMethodAttributes (53ms)
				AfterProcessingInitializeOnLoad (10ms)
				EditorAssembliesLoaded (0ms)
			ExecutionOrderSort2 (0ms)
			AwakeInstancesAfterBackupRestoration (13ms)
Platform modules already initialized, skipping
Refreshing native plugins compatible for Editor in 0.64 ms, found 3 plugins.
Preloading 0 native plugins for Editor in 0.00 ms.
Unloading 2319 Unused Serialized files (Serialized files now loaded: 0)
Unloading 22 unused Assets / (31.8 KB). Loaded Objects now: 2814.
Memory consumption went from 105.7 MB to 105.6 MB.
Total: 4.889000 ms (FindLiveObjects: 0.348000 ms CreateObjectMapping: 0.243000 ms MarkObjects: 4.270500 ms  DeleteObjects: 0.025600 ms)

AssetImportParameters requested are different than current active one (requested -> active):
  custom:video-decoder-ogg-theora: a1e56fd34408186e4bbccfd4996cb3dc -> 
  custom:container-muxer-webm: aa71ff27fc2769a1b78a27578f13a17b -> 
  custom:container-demuxer-webm: 4f35f7cbe854078d1ac9338744f61a02 -> 
  custom:video-encoder-webm-vp8: eb34c28f22e8b96e1ab97ce403110664 -> 
  custom:audio-encoder-webm-vorbis: bf7c407c2cedff20999df2af8eb42d56 -> 
  custom:framework-win-MediaFoundation: 216162199b28c13a410421893ffa2e32 -> 
  custom:container-demuxer-ogg: 62fdf1f143b41e24485cea50d1cbac27 -> 
  custom:video-decoder-webm-vp8: 9c59270c3fd7afecdb556c50c9e8de78 -> 
  custom:audio-decoder-ogg-vorbis: bf7c407c2cedff20999df2af8eb42d56 -> 
========================================================================
Received Prepare
Registering precompiled user dll's ...
Registered in 0.007810 seconds.
Begin MonoManager ReloadAssembly
Native extension for WindowsStandalone target not found
Refreshing native plugins compatible for Editor in 0.82 ms, found 3 plugins.
Preloading 0 native plugins for Editor in 0.00 ms.
Mono: successfully reloaded assembly
- Completed reload, in  1.580 seconds
Domain Reload Profiling:
	ReloadAssembly (1581ms)
		BeginReloadAssembly (150ms)
			ExecutionOrderSort (0ms)
			DisableScriptedObjects (7ms)
			BackupInstance (0ms)
			ReleaseScriptingObjects (0ms)
			CreateAndSetChildDomain (40ms)
		EndReloadAssembly (1294ms)
			LoadAssemblies (111ms)
			RebuildTransferFunctionScriptingTraits (0ms)
			SetupTypeCache (324ms)
			ReleaseScriptCaches (2ms)
			RebuildScriptCaches (89ms)
			SetupLoadedEditorAssemblies (686ms)
				LogAssemblyErrors (0ms)
				InitializePlatformSupportModulesInManaged (20ms)
				SetLoadedEditorAssemblies (1ms)
				RefreshPlugins (1ms)
				BeforeProcessingInitializeOnLoad (100ms)
				ProcessInitializeOnLoadAttributes (501ms)
				ProcessInitializeOnLoadMethodAttributes (52ms)
				AfterProcessingInitializeOnLoad (11ms)
				EditorAssembliesLoaded (0ms)
			ExecutionOrderSort2 (0ms)
			AwakeInstancesAfterBackupRestoration (15ms)
Platform modules already initialized, skipping
Refreshing native plugins compatible for Editor in 0.54 ms, found 3 plugins.
Preloading 0 native plugins for Editor in 0.00 ms.
Unloading 2319 Unused Serialized files (Serialized files now loaded: 0)
Unloading 22 unused Assets / (31.8 KB). Loaded Objects now: 2816.
Memory consumption went from 105.7 MB to 105.6 MB.
Total: 4.620000 ms (FindLiveObjects: 0.456300 ms CreateObjectMapping: 0.251200 ms MarkObjects: 3.885800 ms  DeleteObjects: 0.025500 ms)

AssetImportParameters requested are different than current active one (requested -> active):
  custom:video-decoder-ogg-theora: a1e56fd34408186e4bbccfd4996cb3dc -> 
  custom:container-muxer-webm: aa71ff27fc2769a1b78a27578f13a17b -> 
  custom:container-demuxer-webm: 4f35f7cbe854078d1ac9338744f61a02 -> 
  custom:video-encoder-webm-vp8: eb34c28f22e8b96e1ab97ce403110664 -> 
  custom:audio-encoder-webm-vorbis: bf7c407c2cedff20999df2af8eb42d56 -> 
  custom:framework-win-MediaFoundation: 216162199b28c13a410421893ffa2e32 -> 
  custom:container-demuxer-ogg: 62fdf1f143b41e24485cea50d1cbac27 -> 
  custom:video-decoder-webm-vp8: 9c59270c3fd7afecdb556c50c9e8de78 -> 
  custom:audio-decoder-ogg-vorbis: bf7c407c2cedff20999df2af8eb42d56 -> 
========================================================================
Received Import Request.
  Time since last request: 412.324750 seconds.
  path: Assets/Materials/Dark Green.mat
  artifactKey: Guid(376eedb11beb8406bb305e1d30bb6b2e) Importer(815301076,1909f56bfc062723c751e8b465ee728b)
Start importing Assets/Materials/Dark Green.mat using Guid(376eedb11beb8406bb305e1d30bb6b2e) Importer(815301076,1909f56bfc062723c751e8b465ee728b)  -> (artifact id: 'c0923611e420b37cb6d65c4ba9749c67') in 0.147485 seconds 
========================================================================
Received Import Request.
  Time since last request: 0.000043 seconds.
  path: Assets/Materials/Red.mat
  artifactKey: Guid(134646945d8bce84bbec1b5d55392ae9) Importer(815301076,1909f56bfc062723c751e8b465ee728b)
Start importing Assets/Materials/Red.mat using Guid(134646945d8bce84bbec1b5d55392ae9) Importer(815301076,1909f56bfc062723c751e8b465ee728b)  -> (artifact id: 'bd1077a27b2610c51121bf8f2b4d69cf') in 0.019372 seconds 
========================================================================
Received Import Request.
  Time since last request: 0.000041 seconds.
  path: Assets/Materials/Gray.mat
  artifactKey: Guid(fe3e63bf7995243e58db77c2679ebf4d) Importer(815301076,1909f56bfc062723c751e8b465ee728b)
Start importing Assets/Materials/Gray.mat using Guid(fe3e63bf7995243e58db77c2679ebf4d) Importer(815301076,1909f56bfc062723c751e8b465ee728b)  -> (artifact id: 'ddc318c72478c50d4210c852669426d1') in 0.022339 seconds 
========================================================================
Received Import Request.
  Time since last request: 4.341071 seconds.
  path: Assets/Animation/1.png
  artifactKey: Guid(270803a85db93f648b89f2efa45a754d) Importer(815301076,1909f56bfc062723c751e8b465ee728b)
Start importing Assets/Animation/1.png using Guid(270803a85db93f648b89f2efa45a754d) Importer(815301076,1909f56bfc062723c751e8b465ee728b)  -> (artifact id: '0caaa7ef6c4885670fc881d2b543bb31') in 0.049768 seconds 
========================================================================
Received Import Request.
  Time since last request: 0.000027 seconds.
  path: Assets/Animation/BlueExplode1.png
  artifactKey: Guid(2321c6123dc12409d8d99a047238e5dd) Importer(815301076,1909f56bfc062723c751e8b465ee728b)
Start importing Assets/Animation/BlueExplode1.png using Guid(2321c6123dc12409d8d99a047238e5dd) Importer(815301076,1909f56bfc062723c751e8b465ee728b)  -> (artifact id: 'f52bf8468a6195e6d2f8c2392c741a1f') in 0.060158 seconds 
========================================================================
Received Import Request.
  Time since last request: 0.000029 seconds.
  path: Assets/Animation/5.png
  artifactKey: Guid(4f106859661feda4d88839805df2b7f9) Importer(815301076,1909f56bfc062723c751e8b465ee728b)
Start importing Assets/Animation/5.png using Guid(4f106859661feda4d88839805df2b7f9) Importer(815301076,1909f56bfc062723c751e8b465ee728b)  -> (artifact id: 'd234311d06b551145189af0946108405') in 0.039516 seconds 
========================================================================
Received Import Request.
  Time since last request: 0.000035 seconds.
  path: Assets/Animation/BlueUFOIdle3.png
  artifactKey: Guid(63437d4af5add4099964df1fd0baf592) Importer(815301076,1909f56bfc062723c751e8b465ee728b)
Start importing Assets/Animation/BlueUFOIdle3.png using Guid(63437d4af5add4099964df1fd0baf592) Importer(815301076,1909f56bfc062723c751e8b465ee728b)  -> (artifact id: 'b52c469c8396de8c32f1b87789c9a01d') in 0.046073 seconds 
========================================================================
Received Import Request.
  Time since last request: 0.002941 seconds.
  path: Assets/Animation/BlueDestroy3.png
  artifactKey: Guid(03d60035a92da40b7820c324a19d1428) Importer(815301076,1909f56bfc062723c751e8b465ee728b)
Start importing Assets/Animation/BlueDestroy3.png using Guid(03d60035a92da40b7820c324a19d1428) Importer(815301076,1909f56bfc062723c751e8b465ee728b)  -> (artifact id: '08a15f74e96adb8777aadfcb249a26c1') in 0.355215 seconds 
========================================================================
Received Import Request.
  Time since last request: 0.000021 seconds.
  path: Assets/Animation/GrayFiring3.png
  artifactKey: Guid(acfc9dd8d65a34dd3a8997535569e451) Importer(815301076,1909f56bfc062723c751e8b465ee728b)
Start importing Assets/Animation/GrayFiring3.png using Guid(acfc9dd8d65a34dd3a8997535569e451) Importer(815301076,1909f56bfc062723c751e8b465ee728b)  -> (artifact id: 'bf55196f58c8df9ff0f643edaebc26b5') in 0.051155 seconds 
========================================================================
Received Import Request.
  Time since last request: 0.000035 seconds.
  path: Assets/Animation/GrayDestroy2.png
  artifactKey: Guid(d875221e01a064ea6b5a7ba16f5bfb05) Importer(815301076,1909f56bfc062723c751e8b465ee728b)
Start importing Assets/Animation/GrayDestroy2.png using Guid(d875221e01a064ea6b5a7ba16f5bfb05) Importer(815301076,1909f56bfc062723c751e8b465ee728b)  -> (artifact id: 'c9146c8bd0c66bf144640a28c4f47bbc') in 0.065019 seconds 
========================================================================
Received Import Request.
  Time since last request: 0.000020 seconds.
  path: Assets/Animation/3.png
  artifactKey: Guid(9bcdfa56c44128044a01ad6b8c0471a9) Importer(815301076,1909f56bfc062723c751e8b465ee728b)
Start importing Assets/Animation/3.png using Guid(9bcdfa56c44128044a01ad6b8c0471a9) Importer(815301076,1909f56bfc062723c751e8b465ee728b)  -> (artifact id: 'e2a190a7dcac11a0a0286dbb38d9b603') in 0.029197 seconds 
========================================================================
Received Import Request.
  Time since last request: 0.000030 seconds.
  path: Assets/Animation/BlueExplode3.png
  artifactKey: Guid(6da7ffd12b850448caf0e8030c1b31d8) Importer(815301076,1909f56bfc062723c751e8b465ee728b)
Start importing Assets/Animation/BlueExplode3.png using Guid(6da7ffd12b850448caf0e8030c1b31d8) Importer(815301076,1909f56bfc062723c751e8b465ee728b)  -> (artifact id: 'd4d8508c1ed0f8b041e1bc0d0bf7426d') in 0.044841 seconds 
========================================================================
Received Import Request.
  Time since last request: 0.000021 seconds.
  path: Assets/Animation/BlueUFOIdle2.png
  artifactKey: Guid(68dbe301aadfd4d799ecb289c9017e02) Importer(815301076,1909f56bfc062723c751e8b465ee728b)
Start importing Assets/Animation/BlueUFOIdle2.png using Guid(68dbe301aadfd4d799ecb289c9017e02) Importer(815301076,1909f56bfc062723c751e8b465ee728b)  -> (artifact id: '78d464f0cc6909bd52276864cc98fbd1') in 0.041851 seconds 
========================================================================
Received Import Request.
  Time since last request: 0.000018 seconds.
  path: Assets/Animation/BlueExplode4.png
  artifactKey: Guid(421e9e6b0e5d040d3ace0f5f5725c255) Importer(815301076,1909f56bfc062723c751e8b465ee728b)
Start importing Assets/Animation/BlueExplode4.png using Guid(421e9e6b0e5d040d3ace0f5f5725c255) Importer(815301076,1909f56bfc062723c751e8b465ee728b)  -> (artifact id: '0e5a4f73268615d14755df87d14275c8') in 0.063134 seconds 
========================================================================
Received Import Request.
  Time since last request: 0.000031 seconds.
  path: Assets/Animation/BlueExplode2.png
  artifactKey: Guid(aabf9db180d8f45ffbab73f7123c8214) Importer(815301076,1909f56bfc062723c751e8b465ee728b)
Start importing Assets/Animation/BlueExplode2.png using Guid(aabf9db180d8f45ffbab73f7123c8214) Importer(815301076,1909f56bfc062723c751e8b465ee728b)  -> (artifact id: 'ac95a5e21cc1d5a54da3e1930b7c1275') in 0.047205 seconds 
========================================================================
Received Import Request.
  Time since last request: 0.000026 seconds.
  path: Assets/Animation/GrayUFOIdle3.png
  artifactKey: Guid(d0d33d5ac8704498aaa6036f0ca893a3) Importer(815301076,1909f56bfc062723c751e8b465ee728b)
Start importing Assets/Animation/GrayUFOIdle3.png using Guid(d0d33d5ac8704498aaa6036f0ca893a3) Importer(815301076,1909f56bfc062723c751e8b465ee728b)  -> (artifact id: '61e9b3a12590e6b668647fce19336fe0') in 0.043763 seconds 
========================================================================
Received Import Request.
  Time since last request: 0.000021 seconds.
  path: Assets/Animation/GrayDestroy1.png
  artifactKey: Guid(ca13af3a795b94ad1a545e8283cbc4fd) Importer(815301076,1909f56bfc062723c751e8b465ee728b)
Start importing Assets/Animation/GrayDestroy1.png using Guid(ca13af3a795b94ad1a545e8283cbc4fd) Importer(815301076,1909f56bfc062723c751e8b465ee728b)  -> (artifact id: '1e9dbe513471c2e0015356b69c7acb19') in 0.043784 seconds 
========================================================================
Received Import Request.
  Time since last request: 46.137356 seconds.
  path: Assets/Animation/PurpleDestroy3.png
  artifactKey: Guid(74f5ccba95fa7484b8acea6ceaec4805) Importer(815301076,1909f56bfc062723c751e8b465ee728b)
Start importing Assets/Animation/PurpleDestroy3.png using Guid(74f5ccba95fa7484b8acea6ceaec4805) Importer(815301076,1909f56bfc062723c751e8b465ee728b)  -> (artifact id: 'e6a1a69b7ad7b06d628b5c301a76f597') in 0.050104 seconds 
========================================================================
Received Import Request.
  Time since last request: 0.000023 seconds.
  path: Assets/Animation/PurpleExplode2.png
  artifactKey: Guid(29c9bf793e2a046998d0c6b9b279c48a) Importer(815301076,1909f56bfc062723c751e8b465ee728b)
Start importing Assets/Animation/PurpleExplode2.png using Guid(29c9bf793e2a046998d0c6b9b279c48a) Importer(815301076,1909f56bfc062723c751e8b465ee728b)  -> (artifact id: '0081e1acab960c1c7aca9ff1d894b742') in 0.041849 seconds 
========================================================================
Received Import Request.
  Time since last request: 2.091215 seconds.
  path: Assets/Animation/PurpleUFOIdle3.png
  artifactKey: Guid(d7f991a7cf34c49c8b37c36022f7e2fd) Importer(815301076,1909f56bfc062723c751e8b465ee728b)
Start importing Assets/Animation/PurpleUFOIdle3.png using Guid(d7f991a7cf34c49c8b37c36022f7e2fd) Importer(815301076,1909f56bfc062723c751e8b465ee728b)  -> (artifact id: '20b607085f423a0ef9d719e1bd157a68') in 0.046520 seconds 
========================================================================
Received Import Request.
  Time since last request: 0.000022 seconds.
  path: Assets/Animation/RedUFOIdle1.png
  artifactKey: Guid(9f88928b348474a4b9c21fc4d2e85bbd) Importer(815301076,1909f56bfc062723c751e8b465ee728b)
Start importing Assets/Animation/RedUFOIdle1.png using Guid(9f88928b348474a4b9c21fc4d2e85bbd) Importer(815301076,1909f56bfc062723c751e8b465ee728b)  -> (artifact id: '10fb51e8a6589937839cb2278838064f') in 0.045913 seconds 
========================================================================
Received Import Request.
  Time since last request: 0.000026 seconds.
  path: Assets/Animation/RedDestroy2.png
  artifactKey: Guid(d24c01464d86b4f0888a400d85474aea) Importer(815301076,1909f56bfc062723c751e8b465ee728b)
Start importing Assets/Animation/RedDestroy2.png using Guid(d24c01464d86b4f0888a400d85474aea) Importer(815301076,1909f56bfc062723c751e8b465ee728b)  -> (artifact id: 'dd09b8493f0439e74f12c023bdd16095') in 0.043753 seconds 
========================================================================
Received Import Request.
  Time since last request: 27.654871 seconds.
  path: Assets/Animation/TankDestroy1.png
  artifactKey: Guid(981a6b09d514544d5930a16a240eba39) Importer(815301076,1909f56bfc062723c751e8b465ee728b)
Start importing Assets/Animation/TankDestroy1.png using Guid(981a6b09d514544d5930a16a240eba39) Importer(815301076,1909f56bfc062723c751e8b465ee728b)  -> (artifact id: '46f000cc8c5d68c5a83368559fe6ea4f') in 0.042882 seconds 
========================================================================
Received Import Request.
  Time since last request: 1.814958 seconds.
  path: Assets/Animation/TankFire3.png
  artifactKey: Guid(6ac96d4ba7a23462886c7665d7df827e) Importer(815301076,1909f56bfc062723c751e8b465ee728b)
Start importing Assets/Animation/TankFire3.png using Guid(6ac96d4ba7a23462886c7665d7df827e) Importer(815301076,1909f56bfc062723c751e8b465ee728b)  -> (artifact id: '300766eb311efa9cc01e578b4dc424b7') in 0.039510 seconds 
========================================================================
Received Import Request.
  Time since last request: 0.000021 seconds.
  path: Assets/Animation/TankIdle2.png
  artifactKey: Guid(6d1b2c22ed5ab4b6daabf61f190a3b64) Importer(815301076,1909f56bfc062723c751e8b465ee728b)
Start importing Assets/Animation/TankIdle2.png using Guid(6d1b2c22ed5ab4b6daabf61f190a3b64) Importer(815301076,1909f56bfc062723c751e8b465ee728b)  -> (artifact id: 'b8b7329305abe87d0b7e6254c4a08ad6') in 0.049611 seconds 
========================================================================
Received Import Request.
  Time since last request: 0.000030 seconds.
  path: Assets/Animation/TankIdle4.png
  artifactKey: Guid(efcc28622cebd4410ad628396eab4e1d) Importer(815301076,1909f56bfc062723c751e8b465ee728b)
Start importing Assets/Animation/TankIdle4.png using Guid(efcc28622cebd4410ad628396eab4e1d) Importer(815301076,1909f56bfc062723c751e8b465ee728b)  -> (artifact id: 'a5d13156918684000cc9b839d8b9cac3') in 0.045659 seconds 
Editor requested this worker to shutdown with reason: Scaling down because of idle timeout
AssetImportWorker is now disconnected from the server
Process exiting
Exiting without the bug reporter. Application will terminate with return code 0